<?xml version="1.0" encoding="UTF-8"?>
<testsuite xmlns:xsi="http://www.w3.org/2001/XMLSchema-instance" xsi:noNamespaceSchemaLocation="https://maven.apache.org/surefire/maven-surefire-plugin/xsd/surefire-test-report-3.0.xsd" version="3.0" name="api.TestsBooking" time="12.167" tests="4" errors="0" skipped="0" failures="0">
  <properties>
[...]
</properties>
  <testcase name="checkCreateBooking" classname="api.TestsBooking" time="7.423">
    <system-out><![CDATA[HTTP/1.1 200 OK
Server: Cowboy
Report-To: {"group":"heroku-nel","max_age":3600,"endpoints":[{"url":"https://nel.heroku.com/reports?ts=1747128785&sid=c46efe9b-d3d2-4a0c-8c76-bfafa16c5add&s=CLvXDkOvBXy2CIDf%2BRkd3u8iAdAgnsPJFr6PRitR6kI%3D"}]}
Reporting-Endpoints: heroku-nel=https://nel.heroku.com/reports?ts=1747128785&sid=c46efe9b-d3d2-4a0c-8c76-bfafa16c5add&s=CLvXDkOvBXy2CIDf%2BRkd3u8iAdAgnsPJFr6PRitR6kI%3D
Nel: {"report_to":"heroku-nel","max_age":3600,"success_fraction":0.005,"failure_fraction":0.05,"response_headers":["Via"]}
Connection: keep-alive
X-Powered-By: Express
Content-Type: application/json; charset=utf-8
Content-Length: 198
Etag: W/"c6-XE2PxkM2W6H0RzbLXylkTlGSVdg"
Date: Tue, 13 May 2025 09:33:05 GMT
Via: 1.1 vegur

{
    "bookingid": 1041,
    "booking": {
        "firstname": "Rem",
        "lastname": "Brown",
        "totalprice": 2000,
        "depositpaid": true,
        "bookingdates": {
            "checkin": "2018-01-01",
            "checkout": "2022-01-01"
        },
        "additionalneeds": "Breakfast"
    }
}
]]></system-out>
    <system-err><![CDATA[SLF4J: No SLF4J providers were found.
SLF4J: Defaulting to no-operation (NOP) logger implementation
SLF4J: See https://www.slf4j.org/codes.html#noProviders for further details.
]]></system-err>
  </testcase>
  <testcase name="checkUpdateBooking" classname="api.TestsBooking" time="1.898">
    <system-out><![CDATA[HTTP/1.1 200 OK
Server: Cowboy
Report-To: {"group":"heroku-nel","max_age":3600,"endpoints":[{"url":"https://nel.heroku.com/reports?ts=1747128787&sid=c46efe9b-d3d2-4a0c-8c76-bfafa16c5add&s=8x8ASWKd2jhETNnDRtgrFqS4tyOhYNSXkrhemX%2Bl%2B3E%3D"}]}
Reporting-Endpoints: heroku-nel=https://nel.heroku.com/reports?ts=1747128787&sid=c46efe9b-d3d2-4a0c-8c76-bfafa16c5add&s=8x8ASWKd2jhETNnDRtgrFqS4tyOhYNSXkrhemX%2Bl%2B3E%3D
Nel: {"report_to":"heroku-nel","max_age":3600,"success_fraction":0.005,"failure_fraction":0.05,"response_headers":["Via"]}
Connection: keep-alive
X-Powered-By: Express
Content-Type: application/json; charset=utf-8
Content-Length: 27
Etag: W/"1b-bRr2dTbOOiUryu4GFjSABfNx4us"
Date: Tue, 13 May 2025 09:33:07 GMT
Via: 1.1 vegur

{
    "token": "50721ffffd928da"
}
HTTP/1.1 200 OK
Server: Cowboy
Report-To: {"group":"heroku-nel","max_age":3600,"endpoints":[{"url":"https://nel.heroku.com/reports?ts=1747128788&sid=c46efe9b-d3d2-4a0c-8c76-bfafa16c5add&s=eIpXJoRGIyd94InF8aCqOod5CEjkmEoZP1Zn2N0pMMg%3D"}]}
Reporting-Endpoints: heroku-nel=https://nel.heroku.com/reports?ts=1747128788&sid=c46efe9b-d3d2-4a0c-8c76-bfafa16c5add&s=eIpXJoRGIyd94InF8aCqOod5CEjkmEoZP1Zn2N0pMMg%3D
Nel: {"report_to":"heroku-nel","max_age":3600,"success_fraction":0.005,"failure_fraction":0.05,"response_headers":["Via"]}
Connection: keep-alive
X-Powered-By: Express
Content-Type: application/json; charset=utf-8
Content-Length: 167
Etag: W/"a7-k0mNKyOZByzPT1jK+bOvUsCHD5I"
Date: Tue, 13 May 2025 09:33:08 GMT
Via: 1.1 vegur

{
    "firstname": "Bred",
    "lastname": "Grey",
    "totalprice": 1980,
    "depositpaid": false,
    "bookingdates": {
        "checkin": "2023-01-01",
        "checkout": "2025-01-01"
    },
    "additionalneeds": "Dinner"
}
]]></system-out>
  </testcase>
  <testcase name="checkGetBooking" classname="api.TestsBooking" time="0.898">
    <system-out><![CDATA[HTTP/1.1 200 OK
Server: Cowboy
Report-To: {"group":"heroku-nel","max_age":3600,"endpoints":[{"url":"https://nel.heroku.com/reports?ts=1747128789&sid=c46efe9b-d3d2-4a0c-8c76-bfafa16c5add&s=N5xu6uCPiGDXQZMlmCVFhlSLX7L0q%2FQxrKK0dbt%2B3YQ%3D"}]}
Reporting-Endpoints: heroku-nel=https://nel.heroku.com/reports?ts=1747128789&sid=c46efe9b-d3d2-4a0c-8c76-bfafa16c5add&s=N5xu6uCPiGDXQZMlmCVFhlSLX7L0q%2FQxrKK0dbt%2B3YQ%3D
Nel: {"report_to":"heroku-nel","max_age":3600,"success_fraction":0.005,"failure_fraction":0.05,"response_headers":["Via"]}
Connection: keep-alive
X-Powered-By: Express
Content-Type: application/json; charset=utf-8
Content-Length: 167
Etag: W/"a7-k0mNKyOZByzPT1jK+bOvUsCHD5I"
Date: Tue, 13 May 2025 09:33:09 GMT
Via: 1.1 vegur

{
    "firstname": "Bred",
    "lastname": "Grey",
    "totalprice": 1980,
    "depositpaid": false,
    "bookingdates": {
        "checkin": "2023-01-01",
        "checkout": "2025-01-01"
    },
    "additionalneeds": "Dinner"
}
]]></system-out>
  </testcase>
  <testcase name="checkDeleteBooking" classname="api.TestsBooking" time="1.572">
    <system-out><![CDATA[HTTP/1.1 201 Created
Server: Cowboy
Report-To: {"group":"heroku-nel","max_age":3600,"endpoints":[{"url":"https://nel.heroku.com/reports?ts=1747128789&sid=c46efe9b-d3d2-4a0c-8c76-bfafa16c5add&s=N5xu6uCPiGDXQZMlmCVFhlSLX7L0q%2FQxrKK0dbt%2B3YQ%3D"}]}
Reporting-Endpoints: heroku-nel=https://nel.heroku.com/reports?ts=1747128789&sid=c46efe9b-d3d2-4a0c-8c76-bfafa16c5add&s=N5xu6uCPiGDXQZMlmCVFhlSLX7L0q%2FQxrKK0dbt%2B3YQ%3D
Nel: {"report_to":"heroku-nel","max_age":3600,"success_fraction":0.005,"failure_fraction":0.05,"response_headers":["Via"]}
Connection: keep-alive
X-Powered-By: Express
Content-Type: text/plain; charset=utf-8
Content-Length: 7
Etag: W/"7-rM9AyJuqT6iOan/xHh+AW+7K/T8"
Date: Tue, 13 May 2025 09:33:09 GMT
Via: 1.1 vegur

Created
HTTP/1.1 404 Not Found
Server: Cowboy
Report-To: {"group":"heroku-nel","max_age":3600,"endpoints":[{"url":"https://nel.heroku.com/reports?ts=1747128790&sid=c46efe9b-d3d2-4a0c-8c76-bfafa16c5add&s=yxM2uk9ktWsPS3UPTY7pCkMnywqH1PgCFWqh1Dq%2FZgg%3D"}]}
Reporting-Endpoints: heroku-nel=https://nel.heroku.com/reports?ts=1747128790&sid=c46efe9b-d3d2-4a0c-8c76-bfafa16c5add&s=yxM2uk9ktWsPS3UPTY7pCkMnywqH1PgCFWqh1Dq%2FZgg%3D
Nel: {"report_to":"heroku-nel","max_age":3600,"success_fraction":0.005,"failure_fraction":0.05,"response_headers":["Via"]}
Connection: keep-alive
X-Powered-By: Express
Content-Type: text/plain; charset=utf-8
Content-Length: 9
Etag: W/"9-0gXL1ngzMqISxa6S1zx3F4wtLyg"
Date: Tue, 13 May 2025 09:33:10 GMT
Via: 1.1 vegur

Not Found
]]></system-out>
  </testcase>
</testsuite>